c:\users\piera\desktop\tp_final\tp_final\x64\debug\vc142.pdb
c:\users\piera\desktop\tp_final\tp_final\x64\debug\vc142.idb
c:\users\piera\desktop\tp_final\tp_final\x64\debug\town.obj
c:\users\piera\desktop\tp_final\tp_final\x64\debug\source.obj
c:\users\piera\desktop\tp_final\tp_final\x64\debug\personnage.obj
c:\users\piera\desktop\tp_final\tp_final\x64\debug\monstre.obj
c:\users\piera\desktop\tp_final\tp_final\x64\debug\menuprincipal.obj
c:\users\piera\desktop\tp_final\tp_final\x64\debug\item.obj
c:\users\piera\desktop\tp_final\tp_final\x64\debug\hpbar.obj
c:\users\piera\desktop\tp_final\tp_final\x64\debug\hero.obj
c:\users\piera\desktop\tp_final\tp_final\x64\debug\game.obj
c:\users\piera\desktop\tp_final\tp_final\x64\debug\bouton.obj
c:\users\piera\desktop\tp_final\tp_final\x64\debug\battleground.obj
c:\users\piera\desktop\tp_final\tp_final\x64\debug\attack.obj
c:\users\piera\desktop\tp_final\tp_final\x64\debug\animation.obj
c:\users\piera\desktop\tp_final\x64\debug\tp_final.ilk
c:\users\piera\desktop\tp_final\x64\debug\tp_final.exe
c:\users\piera\desktop\tp_final\x64\debug\tp_final.pdb
c:\users\piera\desktop\tp_final\tp_final\x64\debug\tp_final.tlog\cl.command.1.tlog
c:\users\piera\desktop\tp_final\tp_final\x64\debug\tp_final.tlog\cl.read.1.tlog
c:\users\piera\desktop\tp_final\tp_final\x64\debug\tp_final.tlog\cl.write.1.tlog
c:\users\piera\desktop\tp_final\tp_final\x64\debug\tp_final.tlog\link.command.1.tlog
c:\users\piera\desktop\tp_final\tp_final\x64\debug\tp_final.tlog\link.read.1.tlog
c:\users\piera\desktop\tp_final\tp_final\x64\debug\tp_final.tlog\link.write.1.tlog
