  battleGround.cpp
C:\Users\piera\Desktop\TP_FINAL\TP_FINAL\battleGround.cpp(202,26): warning C4244: 'argument' : conversion de 'int' en 'float', perte possible de données
C:\Users\piera\Desktop\TP_FINAL\TP_FINAL\battleGround.cpp(202,20): warning C4244: 'argument' : conversion de 'int' en 'float', perte possible de données
C:\Users\piera\Desktop\TP_FINAL\TP_FINAL\battleGround.cpp(226,41): warning C4244: 'argument' : conversion de 'int' en 'float', perte possible de données
C:\Users\piera\Desktop\TP_FINAL\TP_FINAL\battleGround.cpp(239,9): warning C4244: '=' : conversion de 'int' en 'float', perte possible de données
C:\Users\piera\Desktop\TP_FINAL\TP_FINAL\battleGround.cpp(517,92): warning C4244: 'argument' : conversion de 'int' en 'float', perte possible de données
C:\Users\piera\Desktop\TP_FINAL\TP_FINAL\battleGround.cpp(517,75): warning C4244: 'argument' : conversion de 'int' en 'float', perte possible de données
C:\Users\piera\Desktop\TP_FINAL\TP_FINAL\battleGround.cpp(518,100): warning C4244: 'argument' : conversion de 'int' en 'float', perte possible de données
C:\Users\piera\Desktop\TP_FINAL\TP_FINAL\battleGround.cpp(518,81): warning C4244: 'argument' : conversion de 'int' en 'float', perte possible de données
C:\Users\piera\Desktop\TP_FINAL\TP_FINAL\battleGround.cpp(519,133): warning C4244: 'argument' : conversion de 'int' en 'float', perte possible de données
C:\Users\piera\Desktop\TP_FINAL\TP_FINAL\battleGround.cpp(519,109): warning C4244: 'argument' : conversion de 'int' en 'float', perte possible de données
C:\Users\piera\Desktop\TP_FINAL\TP_FINAL\battleGround.cpp(520,133): warning C4244: 'argument' : conversion de 'int' en 'float', perte possible de données
C:\Users\piera\Desktop\TP_FINAL\TP_FINAL\battleGround.cpp(520,109): warning C4244: 'argument' : conversion de 'int' en 'float', perte possible de données
C:\Users\piera\Desktop\TP_FINAL\TP_FINAL\battleGround.cpp(521,133): warning C4244: 'argument' : conversion de 'int' en 'float', perte possible de données
C:\Users\piera\Desktop\TP_FINAL\TP_FINAL\battleGround.cpp(521,109): warning C4244: 'argument' : conversion de 'int' en 'float', perte possible de données
C:\Users\piera\Desktop\TP_FINAL\TP_FINAL\battleGround.cpp(540,12): warning C4244: 'argument' : conversion de 'time_t' en 'unsigned int', perte possible de données
C:\Users\piera\Desktop\TP_FINAL\TP_FINAL\battleGround.cpp(589,24): warning C4305: 'argument' : troncation de 'double' à 'float'
C:\Users\piera\Desktop\TP_FINAL\TP_FINAL\battleGround.cpp(595,92): warning C4244: 'argument' : conversion de 'int' en 'float', perte possible de données
C:\Users\piera\Desktop\TP_FINAL\TP_FINAL\battleGround.cpp(595,75): warning C4244: 'argument' : conversion de 'int' en 'float', perte possible de données
C:\Users\piera\Desktop\TP_FINAL\TP_FINAL\battleGround.cpp(603,74): warning C4244: 'argument' : conversion de 'int' en 'float', perte possible de données
C:\Users\piera\Desktop\TP_FINAL\TP_FINAL\battleGround.cpp(603,44): warning C4244: 'argument' : conversion de 'int' en 'float', perte possible de données
C:\Users\piera\Desktop\TP_FINAL\TP_FINAL\battleGround.cpp(627,61): warning C4244: 'argument' : conversion de 'int' en 'float', perte possible de données
C:\Users\piera\Desktop\TP_FINAL\TP_FINAL\battleGround.cpp(627,37): warning C4244: 'argument' : conversion de 'int' en 'float', perte possible de données
C:\Users\piera\Desktop\TP_FINAL\TP_FINAL\battleGround.cpp(657,6): warning C4101: 'monsterhp' : variable locale non référencée
C:\Users\piera\Desktop\TP_FINAL\TP_FINAL\battleGround.cpp(681,6): warning C4101: 'target' : variable locale non référencée
  town.cpp
C:\Users\piera\Desktop\TP_FINAL\TP_FINAL\town.cpp(96,25): warning C4244: 'argument' : conversion de 'int' en 'float', perte possible de données
C:\Users\piera\Desktop\TP_FINAL\TP_FINAL\town.cpp(96,19): warning C4244: 'argument' : conversion de 'int' en 'float', perte possible de données
C:\Users\piera\Desktop\TP_FINAL\TP_FINAL\town.cpp(109,25): warning C4244: 'argument' : conversion de 'int' en 'float', perte possible de données
C:\Users\piera\Desktop\TP_FINAL\TP_FINAL\town.cpp(109,19): warning C4244: 'argument' : conversion de 'int' en 'float', perte possible de données
  Génération de code en cours...
C:\Users\piera\Desktop\TP_FINAL\TP_FINAL\battleGround.cpp(572): warning C4715: 'battleGrounds::generateMonster' : les chemins de contrôle ne retournent pas tous une valeur
  TP_FINAL.vcxproj -> C:\Users\piera\Desktop\TP_FINAL\x64\Debug\TP_FINAL.exe
